<?xml version="1.0" encoding="UTF-8"?>
<!-- Generated by org.testng.reporters.JUnitXMLReporter -->
<testsuite ignored="0" hostname="LAPTOP-8QI28HGD" failures="0" tests="2" name="Test-2" time="21.891" errors="0" timestamp="2025-06-12T09:44:32 IST">
  <testcase classname="com.comcast.crm.ContactTestNG.CreateContactTestNG" name="CreateContactPhone" time="0.0">
    <skipped/>
  </testcase> <!-- CreateContactPhone -->
  <testcase classname="com.comcast.crm.ContactTestNG.CreateContactTestNG" name="CreateContactTestNG" time="0.0">
    <skipped/>
  </testcase> <!-- CreateContactTestNG -->
</testsuite> <!-- Test-2 -->
