<?xml version="1.0" encoding="UTF-8"?>
<!-- Generated by org.testng.reporters.JUnitXMLReporter -->
<testsuite ignored="0" hostname="LAPTOP-8QI28HGD" failures="0" tests="2" name="Test-2" time="20.229" errors="0" timestamp="2025-06-30T17:13:16 IST">
  <testcase classname="com.comcast.crm.ContactTestNG.CreateContactTestNG" name="CreateContactPhone" time="5.812"/>
  <testcase classname="com.comcast.crm.ContactTestNG.CreateContactTestNG" name="CreateContactTestNG" time="4.786"/>
</testsuite> <!-- Test-2 -->
