<?xml version="1.0" encoding="UTF-8"?>
<!-- Generated by org.testng.reporters.JUnitReportReporter -->
<testsuite hostname="LAPTOP-8QI28HGD" failures="0" tests="2" name="TestNG.Package_Sample.CreateContactTestBeforeAfter" time="0.007" errors="0" timestamp="2025-06-09T11:14:09 IST" skipped="0">
  <testcase classname="TestNG.Package_Sample.CreateContactTestBeforeAfter" name="CreateContactWithDate" time="0.004"/>
  <testcase classname="TestNG.Package_Sample.CreateContactTestBeforeAfter" name="CreateContact" time="0.003"/>
</testsuite> <!-- TestNG.Package_Sample.CreateContactTestBeforeAfter -->
