<?xml version="1.0" encoding="UTF-8"?>
<!-- Generated by org.testng.reporters.JUnitReportReporter -->
<testsuite hostname="LAPTOP-8QI28HGD" failures="0" tests="1" name="PracticePakageSelenium.flipkartExcelstorePrice" time="11.982" errors="0" timestamp="2025-06-08T11:48:59 IST" skipped="0">
  <testcase classname="PracticePakageSelenium.flipkartExcelstorePrice" name="getprice" time="11.982"/>
</testsuite> <!-- PracticePakageSelenium.flipkartExcelstorePrice -->
