<?xml version="1.0" encoding="UTF-8"?>
<!-- Generated by org.testng.reporters.JUnitReportReporter -->
<testsuite hostname="LAPTOP-8QI28HGD" failures="0" tests="3" name="com.comcast.crm.OrganizationTestNG.CreateOrganization" time="19.666" errors="0" timestamp="2025-06-10T15:50:47 IST" skipped="0">
  <testcase classname="com.comcast.crm.OrganizationTestNG.CreateOrganization" name="CreateOrganizationWithPhone" time="7.991"/>
  <testcase classname="com.comcast.crm.OrganizationTestNG.CreateOrganization" name="CreateOrganizationIndustry" time="5.522"/>
  <testcase classname="com.comcast.crm.OrganizationTestNG.CreateOrganization" name="CreateOrganizationTestNG" time="6.153"/>
</testsuite> <!-- com.comcast.crm.OrganizationTestNG.CreateOrganization -->
