<?xml version="1.0" encoding="UTF-8"?>
<!-- Generated by org.testng.reporters.JUnitReportReporter -->
<testsuite hostname="LAPTOP-8QI28HGD" failures="0" tests="3" name="PracticeTestNG.GetProductInfoTest" time="29.109" errors="0" timestamp="2025-06-08T10:34:13 IST" skipped="0">
  <testcase classname="PracticeTestNG.GetProductInfoTest" name="getProductInfoTest" time="9.927"/>
  <testcase classname="PracticeTestNG.GetProductInfoTest" name="getProductInfoTest" time="9.116"/>
  <testcase classname="PracticeTestNG.GetProductInfoTest" name="getProductInfoTest" time="10.066"/>
</testsuite> <!-- PracticeTestNG.GetProductInfoTest -->
