<?xml version="1.0" encoding="UTF-8"?>
<!-- Generated by org.testng.reporters.JUnitReportReporter -->
<testsuite hostname="LAPTOP-8QI28HGD" failures="0" tests="2" name="Practice.HomePageTestAssert.HomePageVerification" time="9.731" errors="0" timestamp="2025-06-11T12:08:58 IST" skipped="0">
  <testcase classname="Practice.HomePageTestAssert.HomePageVerification" name="homepagetest" time="5.780"/>
  <testcase classname="Practice.HomePageTestAssert.HomePageVerification" name="verifylogohomepagetest" time="3.951"/>
</testsuite> <!-- Practice.HomePageTestAssert.HomePageVerification -->
