<?xml version="1.0" encoding="UTF-8"?>
<!-- Generated by org.testng.reporters.JUnitReportReporter -->
<testsuite hostname="LAPTOP-8QI28HGD" failures="0" tests="2" name="Practice.HomePageTestAssert.HomePageSampleTest1" time="0.016" errors="0" timestamp="2025-06-11T12:25:42 IST" skipped="0">
  <testcase classname="Practice.HomePageTestAssert.HomePageSampleTest1" name="homepagetest" time="0.013"/>
  <testcase classname="Practice.HomePageTestAssert.HomePageSampleTest1" name="verifylogohomepagetest" time="0.003"/>
</testsuite> <!-- Practice.HomePageTestAssert.HomePageSampleTest1 -->
