<?xml version="1.0" encoding="UTF-8"?>
<!-- Generated by org.testng.reporters.JUnitReportReporter -->
<testsuite hostname="LAPTOP-8QI28HGD" failures="0" tests="2" name="TestNG.Package_Sample.CreateContactTest" time="0.011" errors="0" timestamp="2025-06-09T10:31:23 IST" skipped="0">
  <testcase classname="TestNG.Package_Sample.CreateContactTest" name="CreateContactWithDate" time="0.003"/>
  <testcase classname="TestNG.Package_Sample.CreateContactTest" name="CreateContact" time="0.008"/>
</testsuite> <!-- TestNG.Package_Sample.CreateContactTest -->
