<?xml version="1.0" encoding="UTF-8"?>
<!-- Generated by org.testng.reporters.JUnitReportReporter -->
<testsuite hostname="LAPTOP-8QI28HGD" failures="0" tests="1" name="Advance_Report.HandlingCalenderPOPS_Test" time="39.468" errors="0" timestamp="2025-06-16T12:57:12 IST" skipped="0">
  <testcase classname="Advance_Report.HandlingCalenderPOPS_Test" name="ircts_Test" time="39.468"/>
</testsuite> <!-- Advance_Report.HandlingCalenderPOPS_Test -->
