<?xml version="1.0" encoding="UTF-8"?>
<!-- Generated by org.testng.reporters.JUnitReportReporter -->
<testsuite hostname="LAPTOP-8QI28HGD" failures="0" tests="2" name="Practice.HomePageTestAssert.HomePageSampleTestSoftAssert2" time="0.016" errors="0" timestamp="2025-06-19T10:09:12 IST" skipped="0">
  <testcase classname="Practice.HomePageTestAssert.HomePageSampleTestSoftAssert2" name="homepagetest" time="0.014"/>
  <testcase classname="Practice.HomePageTestAssert.HomePageSampleTestSoftAssert2" name="verifylogohomepagetest" time="0.002"/>
</testsuite> <!-- Practice.HomePageTestAssert.HomePageSampleTestSoftAssert2 -->
