<?xml version="1.0" encoding="UTF-8"?>
<!-- Generated by org.testng.reporters.JUnitReportReporter -->
<testsuite hostname="LAPTOP-8QI28HGD" failures="0" tests="2" name="com.comcast.crm.BaseTestNG.CreateContactTestNGSmoke_Regression" time="20.082" errors="0" timestamp="2025-06-10T16:42:26 IST" skipped="0">
  <testcase classname="com.comcast.crm.BaseTestNG.CreateContactTestNGSmoke_Regression" name="CreateContactTestNG" time="9.782"/>
  <testcase classname="com.comcast.crm.BaseTestNG.CreateContactTestNGSmoke_Regression" name="CreateContactPhone" time="10.300"/>
</testsuite> <!-- com.comcast.crm.BaseTestNG.CreateContactTestNGSmoke_Regression -->
