<?xml version="1.0" encoding="UTF-8"?>
<!-- Generated by org.testng.reporters.JUnitReportReporter -->
<testsuite hostname="LAPTOP-8QI28HGD" failures="0" tests="2" name="Practice.HomePageTestAssert.HomePageSampleTestHardAssert" time="0.020" errors="0" timestamp="2025-06-19T10:06:52 IST" skipped="0">
  <testcase classname="Practice.HomePageTestAssert.HomePageSampleTestHardAssert" name="verifylogohomepagetest" time="0.003"/>
  <testcase classname="Practice.HomePageTestAssert.HomePageSampleTestHardAssert" name="homepagetest" time="0.017"/>
</testsuite> <!-- Practice.HomePageTestAssert.HomePageSampleTestHardAssert -->
