<?xml version="1.0" encoding="UTF-8"?>
<!-- Generated by org.testng.reporters.JUnitReportReporter -->
<testsuite hostname="LAPTOP-8QI28HGD" failures="0" tests="1" name="AdvanceSeleniumPractice.Selenium_Json" time="13.780" errors="0" timestamp="2025-05-24T13:25:29 IST" skipped="0">
  <testcase classname="AdvanceSeleniumPractice.Selenium_Json" name="flipkart" time="13.780"/>
  <system-out/>
</testsuite> <!-- AdvanceSeleniumPractice.Selenium_Json -->
