<?xml version="1.0" encoding="UTF-8"?>
<!-- Generated by org.testng.reporters.JUnitReportReporter -->
<testsuite hostname="LAPTOP-8QI28HGD" failures="0" tests="3" name="com.comcast.crm.BaseTestNG.Createcontacttest_NG" time="33.945" errors="0" timestamp="2025-06-10T10:09:20 IST" skipped="0">
  <testcase classname="com.comcast.crm.BaseTestNG.Createcontacttest_NG" name="CreateTrobleTicketPage" time="14.642"/>
  <testcase classname="com.comcast.crm.BaseTestNG.Createcontacttest_NG" name="CreateOrganizationTest" time="10.054"/>
  <testcase classname="com.comcast.crm.BaseTestNG.Createcontacttest_NG" name="createContactTest" time="9.249"/>
</testsuite> <!-- com.comcast.crm.BaseTestNG.Createcontacttest_NG -->
