<?xml version="1.0" encoding="UTF-8"?>
<!-- Generated by org.testng.reporters.JUnitReportReporter -->
<testsuite hostname="LAPTOP-8QI28HGD" failures="0" tests="1" name="PracticePakageSelenium.flipkartDemo" time="13.149" errors="0" timestamp="2025-06-07T23:40:00 IST" skipped="0">
  <testcase classname="PracticePakageSelenium.flipkartDemo" name="getprice" time="13.149"/>
</testsuite> <!-- PracticePakageSelenium.flipkartDemo -->
