<?xml version="1.0" encoding="UTF-8"?>
<!-- Generated by org.testng.reporters.JUnitReportReporter -->
<testsuite hostname="LAPTOP-8QI28HGD" failures="0" tests="1" name="POMRepository.SampleTestwithPom" time="60.854" errors="0" timestamp="2025-06-04T17:01:49 IST" skipped="0">
  <testcase classname="POMRepository.SampleTestwithPom" name="sampleTest" time="60.854"/>
  <system-out/>
</testsuite> <!-- POMRepository.SampleTestwithPom -->
