<?xml version="1.0" encoding="UTF-8"?>
<!-- Generated by org.testng.reporters.JUnitReportReporter -->
<testsuite hostname="LAPTOP-8QI28HGD" failures="0" tests="3" name="PracticeTestNG.Demo" time="53.699" errors="0" timestamp="2025-06-07T12:37:58 IST" skipped="0">
  <testcase classname="PracticeTestNG.Demo" name="getProductInfoTest" time="14.587"/>
  <testcase classname="PracticeTestNG.Demo" name="getProductInfoTest" time="17.234"/>
  <testcase classname="PracticeTestNG.Demo" name="getProductInfoTest" time="21.878"/>
</testsuite> <!-- PracticeTestNG.Demo -->
