<?xml version="1.0" encoding="UTF-8"?>
<!-- Generated by org.testng.reporters.JUnitReportReporter -->
<testsuite hostname="LAPTOP-8QI28HGD" failures="0" tests="3" name="com.comcast.crm.BaseTestng.CreateOrganizationTestNGSmoke_Regression" time="44.768" errors="0" timestamp="2025-06-25T12:36:18 IST" skipped="0">
  <testcase classname="com.comcast.crm.BaseTestng.CreateOrganizationTestNGSmoke_Regression" name="CreateOrganizationIndustry" time="17.939"/>
  <testcase classname="com.comcast.crm.BaseTestng.CreateOrganizationTestNGSmoke_Regression" name="CreateOrganizationTestNG" time="18.692"/>
  <testcase classname="com.comcast.crm.BaseTestng.CreateOrganizationTestNGSmoke_Regression" name="CreateOrganizationWithPhone" time="8.137"/>
</testsuite> <!-- com.comcast.crm.BaseTestng.CreateOrganizationTestNGSmoke_Regression -->
