<?xml version="1.0" encoding="UTF-8"?>
<!-- Generated by org.testng.reporters.JUnitReportReporter -->
<testsuite hostname="LAPTOP-8QI28HGD" failures="0" tests="3" name="PracticeTestNG.GetDataInfoTestExcel" time="24.499" errors="0" timestamp="2025-06-08T10:45:52 IST" skipped="0">
  <testcase classname="PracticeTestNG.GetDataInfoTestExcel" name="getProductInfoTest" time="8.514"/>
  <testcase classname="PracticeTestNG.GetDataInfoTestExcel" name="getProductInfoTest" time="8.463"/>
  <testcase classname="PracticeTestNG.GetDataInfoTestExcel" name="getProductInfoTest" time="7.522"/>
</testsuite> <!-- PracticeTestNG.GetDataInfoTestExcel -->
