<?xml version="1.0" encoding="UTF-8"?>
<!-- Generated by org.testng.reporters.JUnitReportReporter -->
<testsuite hostname="LAPTOP-8QI28HGD" failures="0" tests="3" name="Practice.HomePageTestAssert.CreateOrganizationTestNG" time="19.090" errors="0" timestamp="2025-06-11T17:29:53 IST" skipped="0">
  <testcase classname="Practice.HomePageTestAssert.CreateOrganizationTestNG" name="CreateOrganizationIndustry" time="7.809"/>
  <testcase classname="Practice.HomePageTestAssert.CreateOrganizationTestNG" name="CreateOrganizationWithPhone" time="6.531"/>
  <testcase classname="Practice.HomePageTestAssert.CreateOrganizationTestNG" name="CreateOrganizationTestNG" time="4.750"/>
</testsuite> <!-- Practice.HomePageTestAssert.CreateOrganizationTestNG -->
