<?xml version="1.0" encoding="UTF-8"?>
<!-- Generated by org.testng.reporters.JUnitReportReporter -->
<testsuite hostname="LAPTOP-8QI28HGD" failures="0" tests="3" name="Advance_Report.SampleReportTest" time="0.350" errors="0" timestamp="2025-06-14T15:36:17 IST" skipped="0">
  <testcase classname="Advance_Report.SampleReportTest" name="createContactTest" time="0.345"/>
  <testcase classname="Advance_Report.SampleReportTest" name="createContactWithORGTest" time="0.002"/>
  <testcase classname="Advance_Report.SampleReportTest" name="createContactWithPhoneNoTest" time="0.003"/>
</testsuite> <!-- Advance_Report.SampleReportTest -->
