<?xml version="1.0" encoding="UTF-8"?>
<!-- Generated by org.testng.reporters.JUnitReportReporter -->
<testsuite hostname="LAPTOP-8QI28HGD" failures="0" tests="1" name="Practice.HomePageTestAssert.SampleTestForScreenShot" time="5.878" errors="0" timestamp="2025-06-11T16:09:29 IST" skipped="0">
  <testcase classname="Practice.HomePageTestAssert.SampleTestForScreenShot" name="amazontest" time="5.878"/>
</testsuite> <!-- Practice.HomePageTestAssert.SampleTestForScreenShot -->
