<?xml version="1.0" encoding="UTF-8"?>
<!-- Generated by org.testng.reporters.JUnitReportReporter -->
<testsuite hostname="LAPTOP-8QI28HGD" failures="0" tests="11" name="TestNG.Package.InvocationCount" time="0.035" errors="0" timestamp="2025-06-06T11:10:49 IST" skipped="1">
  <testcase classname="TestNG.Package.InvocationCount" name="createOrdrerTest" time="0.002"/>
  <testcase classname="TestNG.Package.InvocationCount" name="createOrdrerTest" time="0.003"/>
  <testcase classname="TestNG.Package.InvocationCount" name="createOrdrerTest" time="0.002"/>
  <testcase classname="TestNG.Package.InvocationCount" name="createOrdrerTest" time="0.001"/>
  <testcase classname="TestNG.Package.InvocationCount" name="createOrdrerTest" time="0.009"/>
  <testcase classname="TestNG.Package.InvocationCount" name="createOrdrerTest" time="0.002"/>
  <testcase classname="TestNG.Package.InvocationCount" name="createOrdrerTest" time="0.009"/>
  <testcase classname="TestNG.Package.InvocationCount" name="createOrdrerTest" time="0.002"/>
  <testcase classname="TestNG.Package.InvocationCount" name="createOrdrerTest" time="0.002"/>
  <testcase classname="TestNG.Package.InvocationCount" name="createOrdrerTest" time="0.003"/>
  <testcase classname="TestNG.Package.InvocationCount" name="billingAnOrderTest">
    <skipped/>
  </testcase> <!-- billingAnOrderTest -->
</testsuite> <!-- TestNG.Package.InvocationCount -->
