<?xml version="1.0" encoding="UTF-8"?>
<!-- Generated by org.testng.reporters.JUnitReportReporter -->
<testsuite hostname="LAPTOP-8QI28HGD" failures="0" tests="3" name="Advance_Report.SampleReportTestAttachedScreenShots" time="19.064" errors="0" timestamp="2025-06-24T10:56:02 IST" skipped="0">
  <testcase classname="Advance_Report.SampleReportTestAttachedScreenShots" name="createContactWithPhoneNoTest" time="0.002"/>
  <testcase classname="Advance_Report.SampleReportTestAttachedScreenShots" name="createContactWithORGTest" time="0.001"/>
  <testcase classname="Advance_Report.SampleReportTestAttachedScreenShots" name="createContactTest" time="19.061"/>
</testsuite> <!-- Advance_Report.SampleReportTestAttachedScreenShots -->
