<?xml version="1.0" encoding="UTF-8"?>
<!-- Generated by org.testng.reporters.JUnitReportReporter -->
<testsuite hostname="LAPTOP-8QI28HGD" failures="0" tests="2" name="TestNG.Package.SampleTest" time="0.009" errors="0" timestamp="2025-06-05T13:11:46 IST" skipped="0">
  <testcase classname="TestNG.Package.SampleTest" name="createContactWithMobileNumberTest" time="0.000"/>
  <testcase classname="TestNG.Package.SampleTest" name="createContactTest" time="0.009"/>
</testsuite> <!-- TestNG.Package.SampleTest -->
