<?xml version="1.0" encoding="UTF-8"?>
<!-- Generated by org.testng.reporters.JUnitReportReporter -->
<testsuite hostname="LAPTOP-8QI28HGD" failures="0" tests="3" name="TestNG.Package.CreateContactDataProvider" time="0.015" errors="0" timestamp="2025-06-06T18:26:33 IST" skipped="0">
  <testcase classname="TestNG.Package.CreateContactDataProvider" name="createContactTest" time="0.002"/>
  <testcase classname="TestNG.Package.CreateContactDataProvider" name="createContactTest" time="0.012"/>
  <testcase classname="TestNG.Package.CreateContactDataProvider" name="createContactTest" time="0.001"/>
</testsuite> <!-- TestNG.Package.CreateContactDataProvider -->
