<?xml version="1.0" encoding="UTF-8"?>
<!-- Generated by org.testng.reporters.JUnitReportReporter -->
<testsuite hostname="LAPTOP-8QI28HGD" failures="0" tests="2" name="Practice.HomePageTestAssert.HomePageSampleTestReport" time="0.014" errors="0" timestamp="2025-06-11T14:46:04 IST" skipped="0">
  <testcase classname="Practice.HomePageTestAssert.HomePageSampleTestReport" name="verifylogohomepagetest" time="0.004">
    <system-out>
      <![CDATA[verifylogohomepagetestTest Start
verifylogohomepagetestTest Start
Step-1
Step-2
Step-3
Step-4
verifylogohomepagetestTest End]]>
    </system-out>
  </testcase> <!-- verifylogohomepagetest -->
  <testcase classname="Practice.HomePageTestAssert.HomePageSampleTestReport" name="homepagetest" time="0.010">
    <system-out>
      <![CDATA[homepagetestTest Start
Step-1
Step-2
Step-3
Step-4
homepagetestTest End]]>
    </system-out>
  </testcase> <!-- homepagetest -->
  <system-out>
    <![CDATA[homepagetestTest Start
Step-1
Step-2
Step-3
Step-4
homepagetestTest End
verifylogohomepagetestTest Start
verifylogohomepagetestTest Start
Step-1
Step-2
Step-3
Step-4
verifylogohomepagetestTest End]]>
  </system-out>
</testsuite> <!-- Practice.HomePageTestAssert.HomePageSampleTestReport -->
