<?xml version="1.0" encoding="UTF-8"?>
<!-- Generated by org.testng.reporters.JUnitReportReporter -->
<testsuite hostname="LAPTOP-8QI28HGD" failures="0" tests="1" name="DataDrivenTesting.ReadDataFromTestngXML" time="0.012" errors="0" timestamp="2025-05-27T12:03:17 IST" skipped="0">
  <testcase classname="DataDrivenTesting.ReadDataFromTestngXML" name="sampleTest" time="0.012"/>
  <system-out/>
</testsuite> <!-- DataDrivenTesting.ReadDataFromTestngXML -->
