<?xml version="1.0" encoding="UTF-8"?>
<!-- Generated by org.testng.reporters.JUnitReportReporter -->
<testsuite hostname="LAPTOP-8QI28HGD" failures="0" tests="3" name="TestNG.Package.ContactTest" time="0.009" errors="0" timestamp="2025-06-06T17:09:23 IST" skipped="0">
  <testcase classname="TestNG.Package.ContactTest" name="deleteContactTest" time="0.001"/>
  <testcase classname="TestNG.Package.ContactTest" name="modifyContactTest" time="0.001"/>
  <testcase classname="TestNG.Package.ContactTest" name="createContactTest" time="0.007"/>
</testsuite> <!-- TestNG.Package.ContactTest -->
