<?xml version="1.0" encoding="UTF-8"?>
<!-- Generated by org.testng.reporters.JUnitReportReporter -->
<testsuite hostname="LAPTOP-8QI28HGD" failures="0" tests="1" name="com.comcast.crm.BaseTestNG.Createcontacttest_smoketest" time="6.318" errors="0" timestamp="2025-06-10T16:44:21 IST" skipped="0">
  <testcase classname="com.comcast.crm.BaseTestNG.Createcontacttest_smoketest" name="createContactTest" time="6.318"/>
</testsuite> <!-- com.comcast.crm.BaseTestNG.Createcontacttest_smoketest -->
