<?xml version="1.0" encoding="UTF-8"?>
<!-- Generated by org.testng.reporters.JUnitReportReporter -->
<testsuite hostname="LAPTOP-8QI28HGD" failures="0" tests="1" name="DataDrivenTesting.ReadRuntimeMavenParameterTestCMD" time="0.011" errors="0" timestamp="2025-05-23T16:33:21 IST" skipped="0">
  <testcase classname="DataDrivenTesting.ReadRuntimeMavenParameterTestCMD" name="runtimeparameterTest" time="0.011"/>
  <system-out/>
</testsuite> <!-- DataDrivenTesting.ReadRuntimeMavenParameterTestCMD -->
