<?xml version="1.0" encoding="UTF-8"?>
<!-- Generated by org.testng.reporters.JUnitReportReporter -->
<testsuite hostname="LAPTOP-8QI28HGD" failures="0" tests="6" name="com.comcast.crm.OrganizationTestNG.CreateOrganizationTestNG" time="53.183" errors="0" timestamp="2025-07-01T10:04:16 IST" skipped="0">
  <testcase classname="com.comcast.crm.OrganizationTestNG.CreateOrganizationTestNG" name="CreateOrganizationIndustry" time="11.770"/>
  <testcase classname="com.comcast.crm.OrganizationTestNG.CreateOrganizationTestNG" name="CreateOrganizationTestNG" time="9.301"/>
  <testcase classname="com.comcast.crm.OrganizationTestNG.CreateOrganizationTestNG" name="CreateOrganizationTestNG" time="6.963"/>
  <testcase classname="com.comcast.crm.OrganizationTestNG.CreateOrganizationTestNG" name="CreateOrganizationWithPhone" time="7.716"/>
  <testcase classname="com.comcast.crm.OrganizationTestNG.CreateOrganizationTestNG" name="CreateOrganizationIndustry" time="9.496"/>
  <testcase classname="com.comcast.crm.OrganizationTestNG.CreateOrganizationTestNG" name="CreateOrganizationWithPhone" time="7.937"/>
</testsuite> <!-- com.comcast.crm.OrganizationTestNG.CreateOrganizationTestNG -->
