<?xml version="1.0" encoding="UTF-8"?>
<!-- Generated by org.testng.reporters.JUnitReportReporter -->
<testsuite hostname="LAPTOP-8QI28HGD" failures="0" tests="1" name="DataDrivenTesting.ReadRuntimeMavenParameterTest" time="0.004" errors="0" timestamp="2025-05-23T16:25:22 IST" skipped="0">
  <testcase classname="DataDrivenTesting.ReadRuntimeMavenParameterTest" name="runtimeparameterTest" time="0.004"/>
  <system-out/>
</testsuite> <!-- DataDrivenTesting.ReadRuntimeMavenParameterTest -->
