<?xml version="1.0" encoding="UTF-8"?>
<!-- Generated by org.testng.reporters.JUnitReportReporter -->
<testsuite hostname="LAPTOP-8QI28HGD" failures="0" tests="1" name="AdvanceSeleniumPractice.Selenium_CMD" time="34.569" errors="0" timestamp="2025-05-24T13:09:43 IST" skipped="0">
  <testcase classname="AdvanceSeleniumPractice.Selenium_CMD" name="flipkart" time="34.569"/>
  <system-out/>
</testsuite> <!-- AdvanceSeleniumPractice.Selenium_CMD -->
