<?xml version="1.0" encoding="UTF-8"?>
<!-- Generated by org.testng.reporters.JUnitReportReporter -->
<testsuite hostname="LAPTOP-8QI28HGD" failures="0" tests="1" name="DataDrivenTesting.SeleniumTestDataFromCMD" time="7.164" errors="0" timestamp="2025-05-24T10:23:30 IST" skipped="0">
  <testcase classname="DataDrivenTesting.SeleniumTestDataFromCMD" name="seleniumTest" time="7.164"/>
  <system-out/>
</testsuite> <!-- DataDrivenTesting.SeleniumTestDataFromCMD -->
