<?xml version="1.0" encoding="UTF-8"?>
<!-- Generated by org.testng.reporters.JUnitReportReporter -->
<testsuite hostname="LAPTOP-8QI28HGD" failures="0" tests="1" name="DataDrivenTesting.SeleniumTestDataFromRunTime" time="14.387" errors="0" timestamp="2025-05-23T16:26:14 IST" skipped="0">
  <testcase classname="DataDrivenTesting.SeleniumTestDataFromRunTime" name="seleniumTest" time="14.387"/>
  <system-out/>
</testsuite> <!-- DataDrivenTesting.SeleniumTestDataFromRunTime -->
